2025-07-26 06:42:15,310 - TAQWIN_ENHANCED - INFO - ENHANCED_SERVICE_STARTED: Alan Turing's V3.0 background service initialized
2025-07-26 06:42:16,360 - TAQWIN_ENHANCED - INFO - GIT_SETUP_INITIALIZED: Git authentication ready for PAT configuration
2025-07-26 06:42:17,370 - TAQWIN_ENHANCED - INFO - ENHANCED_STARTUP_SCRIPT_CREATED: D:\Ethereal Glow\python-systems\start_taqwin_enhanced.bat
2025-07-26 06:42:18,784 - TAQWIN_ENHANCED - INFO - ZOMBIE_CLEANUP: Terminated orphaned process 3416
2025-07-26 06:42:20,580 - TAQWIN_ENHANCED - INFO - ZOMBIE_CLEANUP: Terminated orphaned process 19116
2025-07-26 06:44:24,729 - TAQWIN_ENHANCED - WARNING - RESTART_NEEDED_ENHANCED: Health issues: Process not running or terminated
2025-07-26 06:44:25,745 - TAQWIN_ENHANCED - INFO - BACKOFF_WAIT: Waiting 1 seconds before restart (failures: 1)
2025-07-26 06:44:27,758 - TAQWIN_ENHANCED - INFO - GRACEFUL_SHUTDOWN: Process terminated gracefully
2025-07-26 06:44:32,573 - TAQWIN_ENHANCED - ERROR - OFFICE_RESTART_FAILED_ENHANCED: Failed restart #1, Consecutive failures: 2
2025-07-26 06:46:33,598 - TAQWIN_ENHANCED - WARNING - RESTART_NEEDED_ENHANCED: Health issues: Process not running or terminated
2025-07-26 06:46:34,610 - TAQWIN_ENHANCED - INFO - BACKOFF_WAIT: Waiting 2 seconds before restart (failures: 2)
2025-07-26 06:46:37,623 - TAQWIN_ENHANCED - INFO - GRACEFUL_SHUTDOWN: Process terminated gracefully
2025-07-26 06:46:42,538 - TAQWIN_ENHANCED - ERROR - OFFICE_RESTART_FAILED_ENHANCED: Failed restart #2, Consecutive failures: 3
2025-07-26 06:47:29,564 - TAQWIN_ENHANCED - INFO - PERFORMANCE_ANALYTICS_GENERATED: Stability: 70, Trend: stable
2025-07-26 06:48:45,583 - TAQWIN_ENHANCED - WARNING - RESTART_NEEDED_ENHANCED: Health issues: Process not running or terminated
2025-07-26 06:48:46,620 - TAQWIN_ENHANCED - INFO - BACKOFF_WAIT: Waiting 4 seconds before restart (failures: 3)
2025-07-26 06:48:51,635 - TAQWIN_ENHANCED - INFO - GRACEFUL_SHUTDOWN: Process terminated gracefully
2025-07-26 06:48:56,559 - TAQWIN_ENHANCED - ERROR - OFFICE_RESTART_FAILED_ENHANCED: Failed restart #3, Consecutive failures: 4
2025-07-26 06:50:57,588 - TAQWIN_ENHANCED - WARNING - RESTART_NEEDED_ENHANCED: Health issues: Process not running or terminated
2025-07-26 06:50:58,604 - TAQWIN_ENHANCED - INFO - BACKOFF_WAIT: Waiting 8 seconds before restart (failures: 4)
2025-07-26 06:51:07,618 - TAQWIN_ENHANCED - INFO - GRACEFUL_SHUTDOWN: Process terminated gracefully
2025-07-26 06:51:12,489 - TAQWIN_ENHANCED - ERROR - OFFICE_RESTART_FAILED_ENHANCED: Failed restart #4, Consecutive failures: 5
2025-07-26 06:52:44,522 - TAQWIN_ENHANCED - INFO - PERFORMANCE_ANALYTICS_GENERATED: Stability: 50, Trend: stable
2025-07-26 06:53:15,535 - TAQWIN_ENHANCED - WARNING - RESTART_NEEDED_ENHANCED: Health issues: Process not running or terminated
2025-07-26 06:53:16,547 - TAQWIN_ENHANCED - INFO - BACKOFF_WAIT: Waiting 16 seconds before restart (failures: 5)
2025-07-26 06:53:33,561 - TAQWIN_ENHANCED - INFO - GRACEFUL_SHUTDOWN: Process terminated gracefully
2025-07-26 06:53:38,395 - TAQWIN_ENHANCED - ERROR - OFFICE_RESTART_FAILED_ENHANCED: Failed restart #5, Consecutive failures: 6
2025-07-26 06:53:58,939 - TAQWIN_ENHANCED - INFO - ENHANCED_SERVICE_STARTED: Alan Turing's V3.0 background service initialized
2025-07-26 06:53:59,990 - TAQWIN_ENHANCED - INFO - GIT_SETUP_INITIALIZED: Git authentication ready for PAT configuration
2025-07-26 06:54:01,000 - TAQWIN_ENHANCED - INFO - ENHANCED_STARTUP_SCRIPT_CREATED: D:\Ethereal Glow\python-systems\start_taqwin_enhanced.bat
2025-07-26 06:54:03,096 - TAQWIN_ENHANCED - INFO - ZOMBIE_CLEANUP: Terminated orphaned process 11588
2025-07-26 06:56:07,295 - TAQWIN_ENHANCED - WARNING - RESTART_NEEDED_ENHANCED: Health issues: Process not running or terminated
2025-07-26 06:56:08,307 - TAQWIN_ENHANCED - INFO - BACKOFF_WAIT: Waiting 1 seconds before restart (failures: 1)
2025-07-26 06:56:10,320 - TAQWIN_ENHANCED - INFO - GRACEFUL_SHUTDOWN: Process terminated gracefully
2025-07-26 06:56:15,123 - TAQWIN_ENHANCED - ERROR - OFFICE_RESTART_FAILED_ENHANCED: Failed restart #1, Consecutive failures: 2
2025-07-26 06:56:48,978 - TAQWIN_ENHANCED - INFO - GRACEFUL_SHUTDOWN: Process terminated gracefully
2025-07-26 06:56:50,995 - TAQWIN_ENHANCED - INFO - ENHANCED_SERVICE_STOPPED: Service ran for 2.9 minutes, Final stability score: 80
2025-07-26 07:11:08,047 - TAQWIN_ENHANCED - INFO - ENHANCED_SERVICE_STARTED: Alan Turing's V3.0 background service initialized
2025-07-26 07:11:09,096 - TAQWIN_ENHANCED - INFO - GIT_SETUP_INITIALIZED: Git authentication ready for PAT configuration
2025-07-26 07:11:10,106 - TAQWIN_ENHANCED - INFO - ENHANCED_STARTUP_SCRIPT_CREATED: D:\Ethereal Glow\python-systems\start_taqwin_enhanced.bat
2025-07-26 07:13:15,215 - TAQWIN_ENHANCED - WARNING - RESTART_NEEDED_ENHANCED: Health issues: Process not running or terminated
2025-07-26 07:13:16,227 - TAQWIN_ENHANCED - INFO - BACKOFF_WAIT: Waiting 1 seconds before restart (failures: 1)
2025-07-26 07:13:18,240 - TAQWIN_ENHANCED - INFO - GRACEFUL_SHUTDOWN: Process terminated gracefully
2025-07-26 07:13:22,941 - TAQWIN_ENHANCED - ERROR - OFFICE_RESTART_FAILED_ENHANCED: Failed restart #1, Consecutive failures: 2
2025-07-26 07:14:54,947 - TAQWIN_ENHANCED - INFO - GRACEFUL_SHUTDOWN: Process terminated gracefully
2025-07-26 07:14:56,966 - TAQWIN_ENHANCED - INFO - ENHANCED_SERVICE_STOPPED: Service ran for 3.8 minutes, Final stability score: 80
2025-07-26 07:30:03,347 - TAQWIN_ENHANCED - INFO - ENHANCED_SERVICE_STARTED: Alan Turing's V3.0 background service initialized
2025-07-26 07:30:04,397 - TAQWIN_ENHANCED - INFO - GIT_SETUP_INITIALIZED: Git authentication ready for PAT configuration
2025-07-26 07:30:05,406 - TAQWIN_ENHANCED - INFO - ENHANCED_STARTUP_SCRIPT_CREATED: D:\Ethereal Glow\python-systems\start_taqwin_enhanced.bat
2025-07-26 07:30:16,106 - TAQWIN_ENHANCED - INFO - GRACEFUL_SHUTDOWN: Process terminated gracefully
2025-07-26 07:30:18,121 - TAQWIN_ENHANCED - INFO - ENHANCED_SERVICE_STOPPED: Service ran for 0.2 minutes, Final stability score: 90
2025-07-26 07:48:59,293 - TAQWIN_ENHANCED - INFO - ENHANCED_SERVICE_STARTED: Alan Turing's V3.0 background service initialized
2025-07-26 07:49:00,343 - TAQWIN_ENHANCED - INFO - GIT_SETUP_INITIALIZED: Git authentication ready for PAT configuration
2025-07-26 07:49:01,354 - TAQWIN_ENHANCED - INFO - ENHANCED_STARTUP_SCRIPT_CREATED: D:\Ethereal Glow\python-systems\start_taqwin_enhanced.bat
2025-07-26 07:49:13,886 - TAQWIN_ENHANCED - INFO - GRACEFUL_SHUTDOWN: Process terminated gracefully
2025-07-26 07:49:15,902 - TAQWIN_ENHANCED - INFO - ENHANCED_SERVICE_STOPPED: Service ran for 0.3 minutes, Final stability score: 90
2025-07-26 07:49:51,734 - TAQWIN_ENHANCED - INFO - ENHANCED_SERVICE_STARTED: Alan Turing's V3.0 background service initialized
2025-07-26 07:49:52,784 - TAQWIN_ENHANCED - INFO - GIT_SETUP_INITIALIZED: Git authentication ready for PAT configuration
2025-07-26 07:49:53,794 - TAQWIN_ENHANCED - INFO - ENHANCED_STARTUP_SCRIPT_CREATED: D:\Ethereal Glow\python-systems\start_taqwin_enhanced.bat
2025-07-26 07:51:58,834 - TAQWIN_ENHANCED - WARNING - RESTART_NEEDED_ENHANCED: Health issues: Process not running or terminated
2025-07-26 07:51:59,846 - TAQWIN_ENHANCED - INFO - BACKOFF_WAIT: Waiting 1 seconds before restart (failures: 1)
2025-07-26 07:52:01,859 - TAQWIN_ENHANCED - INFO - GRACEFUL_SHUTDOWN: Process terminated gracefully
2025-07-26 07:52:03,519 - TAQWIN_ENHANCED - INFO - ZOMBIE_CLEANUP: Terminated orphaned process 13104
2025-07-26 07:52:07,622 - TAQWIN_ENHANCED - ERROR - OFFICE_RESTART_FAILED_ENHANCED: Failed restart #1, Consecutive failures: 2
2025-07-26 07:54:08,638 - TAQWIN_ENHANCED - WARNING - RESTART_NEEDED_ENHANCED: Health issues: Process not running or terminated
2025-07-26 07:54:09,650 - TAQWIN_ENHANCED - INFO - BACKOFF_WAIT: Waiting 2 seconds before restart (failures: 2)
2025-07-26 07:54:12,663 - TAQWIN_ENHANCED - INFO - GRACEFUL_SHUTDOWN: Process terminated gracefully
2025-07-26 07:54:17,367 - TAQWIN_ENHANCED - ERROR - OFFICE_RESTART_FAILED_ENHANCED: Failed restart #2, Consecutive failures: 3
2025-07-26 07:55:04,392 - TAQWIN_ENHANCED - INFO - PERFORMANCE_ANALYTICS_GENERATED: Stability: 70, Trend: stable
2025-07-26 07:56:20,412 - TAQWIN_ENHANCED - WARNING - RESTART_NEEDED_ENHANCED: Health issues: Process not running or terminated
2025-07-26 07:56:21,424 - TAQWIN_ENHANCED - INFO - BACKOFF_WAIT: Waiting 4 seconds before restart (failures: 3)
2025-07-26 07:56:26,437 - TAQWIN_ENHANCED - INFO - GRACEFUL_SHUTDOWN: Process terminated gracefully
2025-07-26 07:56:31,102 - TAQWIN_ENHANCED - ERROR - OFFICE_RESTART_FAILED_ENHANCED: Failed restart #3, Consecutive failures: 4
2025-07-26 07:58:32,132 - TAQWIN_ENHANCED - WARNING - RESTART_NEEDED_ENHANCED: Health issues: Process not running or terminated
2025-07-26 07:58:33,145 - TAQWIN_ENHANCED - INFO - BACKOFF_WAIT: Waiting 8 seconds before restart (failures: 4)
2025-07-26 07:58:42,161 - TAQWIN_ENHANCED - INFO - GRACEFUL_SHUTDOWN: Process terminated gracefully
2025-07-26 07:58:46,905 - TAQWIN_ENHANCED - ERROR - OFFICE_RESTART_FAILED_ENHANCED: Failed restart #4, Consecutive failures: 5
2025-07-26 08:00:18,937 - TAQWIN_ENHANCED - INFO - PERFORMANCE_ANALYTICS_GENERATED: Stability: 50, Trend: stable
2025-07-26 08:00:49,960 - TAQWIN_ENHANCED - WARNING - RESTART_NEEDED_ENHANCED: Health issues: Process not running or terminated
2025-07-26 08:00:50,976 - TAQWIN_ENHANCED - INFO - BACKOFF_WAIT: Waiting 16 seconds before restart (failures: 5)
2025-07-26 08:01:07,994 - TAQWIN_ENHANCED - INFO - GRACEFUL_SHUTDOWN: Process terminated gracefully
2025-07-26 08:01:12,833 - TAQWIN_ENHANCED - ERROR - OFFICE_RESTART_FAILED_ENHANCED: Failed restart #5, Consecutive failures: 6
2025-07-26 08:03:13,855 - TAQWIN_ENHANCED - WARNING - RESTART_NEEDED_ENHANCED: Health issues: Process not running or terminated
2025-07-26 08:03:14,871 - TAQWIN_ENHANCED - INFO - BACKOFF_WAIT: Waiting 32 seconds before restart (failures: 6)
2025-07-26 08:03:47,888 - TAQWIN_ENHANCED - INFO - GRACEFUL_SHUTDOWN: Process terminated gracefully
2025-07-26 08:03:52,921 - TAQWIN_ENHANCED - ERROR - OFFICE_RESTART_FAILED_ENHANCED: Failed restart #6, Consecutive failures: 7
2025-07-26 08:04:22,726 - TAQWIN_ENHANCED - INFO - ENHANCED_SERVICE_STARTED: Alan Turing's V3.0 background service initialized
2025-07-26 08:04:23,820 - TAQWIN_ENHANCED - INFO - GIT_SETUP_INITIALIZED: Git authentication ready for PAT configuration
2025-07-26 08:04:24,833 - TAQWIN_ENHANCED - INFO - ENHANCED_STARTUP_SCRIPT_CREATED: D:\Ethereal Glow\python-systems\start_taqwin_enhanced.bat
2025-07-26 08:04:26,840 - TAQWIN_ENHANCED - INFO - ZOMBIE_CLEANUP: Terminated orphaned process 6780
2025-07-26 08:06:31,252 - TAQWIN_ENHANCED - WARNING - RESTART_NEEDED_ENHANCED: Health issues: Process not running or terminated
2025-07-26 08:06:32,269 - TAQWIN_ENHANCED - INFO - BACKOFF_WAIT: Waiting 1 seconds before restart (failures: 1)
2025-07-26 08:06:34,286 - TAQWIN_ENHANCED - INFO - GRACEFUL_SHUTDOWN: Process terminated gracefully
2025-07-26 08:06:39,099 - TAQWIN_ENHANCED - ERROR - OFFICE_RESTART_FAILED_ENHANCED: Failed restart #1, Consecutive failures: 2
2025-07-26 08:08:40,117 - TAQWIN_ENHANCED - WARNING - RESTART_NEEDED_ENHANCED: Health issues: Process not running or terminated
2025-07-26 08:08:41,131 - TAQWIN_ENHANCED - INFO - BACKOFF_WAIT: Waiting 2 seconds before restart (failures: 2)
2025-07-26 08:08:44,150 - TAQWIN_ENHANCED - INFO - GRACEFUL_SHUTDOWN: Process terminated gracefully
2025-07-26 08:08:48,958 - TAQWIN_ENHANCED - ERROR - OFFICE_RESTART_FAILED_ENHANCED: Failed restart #2, Consecutive failures: 3
2025-07-26 08:09:35,986 - TAQWIN_ENHANCED - INFO - PERFORMANCE_ANALYTICS_GENERATED: Stability: 70, Trend: stable
2025-07-26 08:10:52,013 - TAQWIN_ENHANCED - WARNING - RESTART_NEEDED_ENHANCED: Health issues: Process not running or terminated
2025-07-26 08:10:53,029 - TAQWIN_ENHANCED - INFO - BACKOFF_WAIT: Waiting 4 seconds before restart (failures: 3)
2025-07-26 08:10:58,044 - TAQWIN_ENHANCED - INFO - GRACEFUL_SHUTDOWN: Process terminated gracefully
2025-07-26 08:11:02,769 - TAQWIN_ENHANCED - ERROR - OFFICE_RESTART_FAILED_ENHANCED: Failed restart #3, Consecutive failures: 4
2025-07-26 08:13:03,789 - TAQWIN_ENHANCED - WARNING - RESTART_NEEDED_ENHANCED: Health issues: Process not running or terminated
2025-07-26 08:13:04,805 - TAQWIN_ENHANCED - INFO - BACKOFF_WAIT: Waiting 8 seconds before restart (failures: 4)
2025-07-26 08:13:13,821 - TAQWIN_ENHANCED - INFO - GRACEFUL_SHUTDOWN: Process terminated gracefully
2025-07-26 08:13:18,543 - TAQWIN_ENHANCED - ERROR - OFFICE_RESTART_FAILED_ENHANCED: Failed restart #4, Consecutive failures: 5
2025-07-26 08:14:50,574 - TAQWIN_ENHANCED - INFO - PERFORMANCE_ANALYTICS_GENERATED: Stability: 50, Trend: stable
2025-07-26 08:15:21,596 - TAQWIN_ENHANCED - WARNING - RESTART_NEEDED_ENHANCED: Health issues: Process not running or terminated
2025-07-26 08:15:22,611 - TAQWIN_ENHANCED - INFO - BACKOFF_WAIT: Waiting 16 seconds before restart (failures: 5)
2025-07-26 08:15:39,625 - TAQWIN_ENHANCED - INFO - GRACEFUL_SHUTDOWN: Process terminated gracefully
2025-07-26 08:15:44,374 - TAQWIN_ENHANCED - ERROR - OFFICE_RESTART_FAILED_ENHANCED: Failed restart #5, Consecutive failures: 6
2025-07-26 08:17:45,393 - TAQWIN_ENHANCED - WARNING - RESTART_NEEDED_ENHANCED: Health issues: Process not running or terminated
2025-07-26 08:17:46,408 - TAQWIN_ENHANCED - INFO - BACKOFF_WAIT: Waiting 32 seconds before restart (failures: 6)
2025-07-26 08:18:19,422 - TAQWIN_ENHANCED - INFO - GRACEFUL_SHUTDOWN: Process terminated gracefully
2025-07-26 08:18:24,111 - TAQWIN_ENHANCED - ERROR - OFFICE_RESTART_FAILED_ENHANCED: Failed restart #6, Consecutive failures: 7
2025-07-26 08:19:40,574 - TAQWIN_ENHANCED - INFO - GIT_OPERATIONS_COMPLETE: Processed 14 operations
2025-07-26 08:19:57,597 - TAQWIN_ENHANCED - INFO - PERFORMANCE_ANALYTICS_GENERATED: Stability: 30, Trend: degrading
2025-07-26 08:20:28,617 - TAQWIN_ENHANCED - WARNING - RESTART_NEEDED_ENHANCED: Health issues: Process not running or terminated
2025-07-26 08:20:29,630 - TAQWIN_ENHANCED - INFO - BACKOFF_WAIT: Waiting 60 seconds before restart (failures: 7)
2025-07-26 08:21:30,645 - TAQWIN_ENHANCED - INFO - GRACEFUL_SHUTDOWN: Process terminated gracefully
2025-07-26 08:21:35,419 - TAQWIN_ENHANCED - ERROR - OFFICE_RESTART_FAILED_ENHANCED: Failed restart #7, Consecutive failures: 8
2025-07-26 08:23:36,438 - TAQWIN_ENHANCED - WARNING - RESTART_NEEDED_ENHANCED: Health issues: Process not running or terminated
2025-07-26 08:23:37,451 - TAQWIN_ENHANCED - INFO - BACKOFF_WAIT: Waiting 60 seconds before restart (failures: 8)
2025-07-26 08:24:38,465 - TAQWIN_ENHANCED - INFO - GRACEFUL_SHUTDOWN: Process terminated gracefully
2025-07-26 08:24:43,169 - TAQWIN_ENHANCED - ERROR - OFFICE_RESTART_FAILED_ENHANCED: Failed restart #8, Consecutive failures: 9
2025-07-26 08:25:00,195 - TAQWIN_ENHANCED - INFO - PERFORMANCE_ANALYTICS_GENERATED: Stability: 10, Trend: degrading
2025-07-26 08:26:03,105 - TAQWIN_ENHANCED - INFO - ENHANCED_SERVICE_STARTED: Alan Turing's V3.0 background service initialized
2025-07-26 08:26:04,161 - TAQWIN_ENHANCED - INFO - GIT_SETUP_INITIALIZED: Git authentication ready for PAT configuration
2025-07-26 08:26:05,173 - TAQWIN_ENHANCED - INFO - ENHANCED_STARTUP_SCRIPT_CREATED: D:\Ethereal Glow\python-systems\start_taqwin_enhanced.bat
2025-07-26 08:26:07,208 - TAQWIN_ENHANCED - INFO - ZOMBIE_CLEANUP: Terminated orphaned process 24992
2025-07-26 08:26:21,993 - TAQWIN_ENHANCED - INFO - GRACEFUL_SHUTDOWN: Process terminated gracefully
2025-07-26 08:26:24,012 - TAQWIN_ENHANCED - INFO - ENHANCED_SERVICE_STOPPED: Service ran for 0.3 minutes, Final stability score: 90
2025-07-26 08:47:12,952 - TAQWIN_ENHANCED - INFO - ENHANCED_SERVICE_STARTED: Alan Turing's V3.0 background service initialized
2025-07-26 08:47:14,012 - TAQWIN_ENHANCED - INFO - GIT_SETUP_INITIALIZED: Git authentication ready for PAT configuration
2025-07-26 08:47:15,026 - TAQWIN_ENHANCED - INFO - ENHANCED_STARTUP_SCRIPT_CREATED: D:\Ethereal Glow\python-systems\start_taqwin_enhanced.bat
2025-07-26 08:49:20,350 - TAQWIN_ENHANCED - WARNING - RESTART_NEEDED_ENHANCED: Health issues: Process not running or terminated
2025-07-26 08:49:21,364 - TAQWIN_ENHANCED - INFO - BACKOFF_WAIT: Waiting 1 seconds before restart (failures: 1)
2025-07-26 08:49:23,379 - TAQWIN_ENHANCED - INFO - GRACEFUL_SHUTDOWN: Process terminated gracefully
2025-07-26 08:49:28,081 - TAQWIN_ENHANCED - ERROR - OFFICE_RESTART_FAILED_ENHANCED: Failed restart #1, Consecutive failures: 2
2025-07-26 08:51:29,107 - TAQWIN_ENHANCED - WARNING - RESTART_NEEDED_ENHANCED: Health issues: Process not running or terminated
2025-07-26 08:51:30,123 - TAQWIN_ENHANCED - INFO - BACKOFF_WAIT: Waiting 2 seconds before restart (failures: 2)
2025-07-26 08:51:33,137 - TAQWIN_ENHANCED - INFO - GRACEFUL_SHUTDOWN: Process terminated gracefully
2025-07-26 08:51:37,836 - TAQWIN_ENHANCED - ERROR - OFFICE_RESTART_FAILED_ENHANCED: Failed restart #2, Consecutive failures: 3
2025-07-26 08:52:24,861 - TAQWIN_ENHANCED - INFO - PERFORMANCE_ANALYTICS_GENERATED: Stability: 70, Trend: stable
2025-07-26 08:53:40,880 - TAQWIN_ENHANCED - WARNING - RESTART_NEEDED_ENHANCED: Health issues: Process not running or terminated
2025-07-26 08:53:41,895 - TAQWIN_ENHANCED - INFO - BACKOFF_WAIT: Waiting 4 seconds before restart (failures: 3)
2025-07-26 08:53:46,909 - TAQWIN_ENHANCED - INFO - GRACEFUL_SHUTDOWN: Process terminated gracefully
2025-07-26 08:53:48,544 - TAQWIN_ENHANCED - INFO - ZOMBIE_CLEANUP: Terminated orphaned process 20660
2025-07-26 08:53:52,610 - TAQWIN_ENHANCED - ERROR - OFFICE_RESTART_FAILED_ENHANCED: Failed restart #3, Consecutive failures: 4
2025-07-26 08:55:53,635 - TAQWIN_ENHANCED - WARNING - RESTART_NEEDED_ENHANCED: Health issues: Process not running or terminated
2025-07-26 08:55:54,650 - TAQWIN_ENHANCED - INFO - BACKOFF_WAIT: Waiting 8 seconds before restart (failures: 4)
2025-07-26 08:56:03,665 - TAQWIN_ENHANCED - INFO - GRACEFUL_SHUTDOWN: Process terminated gracefully
2025-07-26 08:56:08,328 - TAQWIN_ENHANCED - ERROR - OFFICE_RESTART_FAILED_ENHANCED: Failed restart #4, Consecutive failures: 5
2025-07-26 08:57:40,358 - TAQWIN_ENHANCED - INFO - PERFORMANCE_ANALYTICS_GENERATED: Stability: 50, Trend: stable
2025-07-26 08:58:11,375 - TAQWIN_ENHANCED - WARNING - RESTART_NEEDED_ENHANCED: Health issues: Process not running or terminated
2025-07-26 08:58:12,391 - TAQWIN_ENHANCED - INFO - BACKOFF_WAIT: Waiting 16 seconds before restart (failures: 5)
2025-07-26 08:58:29,406 - TAQWIN_ENHANCED - INFO - GRACEFUL_SHUTDOWN: Process terminated gracefully
2025-07-26 08:58:34,077 - TAQWIN_ENHANCED - ERROR - OFFICE_RESTART_FAILED_ENHANCED: Failed restart #5, Consecutive failures: 6
2025-07-26 09:00:35,102 - TAQWIN_ENHANCED - WARNING - RESTART_NEEDED_ENHANCED: Health issues: Process not running or terminated
2025-07-26 09:00:36,116 - TAQWIN_ENHANCED - INFO - BACKOFF_WAIT: Waiting 32 seconds before restart (failures: 6)
2025-07-26 09:01:09,132 - TAQWIN_ENHANCED - INFO - GRACEFUL_SHUTDOWN: Process terminated gracefully
2025-07-26 09:01:13,808 - TAQWIN_ENHANCED - ERROR - OFFICE_RESTART_FAILED_ENHANCED: Failed restart #6, Consecutive failures: 7
2025-07-26 09:02:30,040 - TAQWIN_ENHANCED - INFO - GIT_OPERATIONS_COMPLETE: Processed 19 operations
2025-07-26 09:02:47,068 - TAQWIN_ENHANCED - INFO - PERFORMANCE_ANALYTICS_GENERATED: Stability: 30, Trend: degrading
2025-07-26 09:03:18,084 - TAQWIN_ENHANCED - WARNING - RESTART_NEEDED_ENHANCED: Health issues: Process not running or terminated
2025-07-26 09:03:19,099 - TAQWIN_ENHANCED - INFO - BACKOFF_WAIT: Waiting 60 seconds before restart (failures: 7)
2025-07-26 09:04:20,114 - TAQWIN_ENHANCED - INFO - GRACEFUL_SHUTDOWN: Process terminated gracefully
2025-07-26 09:04:24,791 - TAQWIN_ENHANCED - ERROR - OFFICE_RESTART_FAILED_ENHANCED: Failed restart #7, Consecutive failures: 8
2025-07-26 09:06:25,817 - TAQWIN_ENHANCED - WARNING - RESTART_NEEDED_ENHANCED: Health issues: Process not running or terminated
2025-07-26 09:06:26,832 - TAQWIN_ENHANCED - INFO - BACKOFF_WAIT: Waiting 60 seconds before restart (failures: 8)
2025-07-26 09:07:27,849 - TAQWIN_ENHANCED - INFO - GRACEFUL_SHUTDOWN: Process terminated gracefully
2025-07-26 09:07:32,543 - TAQWIN_ENHANCED - ERROR - OFFICE_RESTART_FAILED_ENHANCED: Failed restart #8, Consecutive failures: 9
2025-07-26 09:07:49,577 - TAQWIN_ENHANCED - INFO - PERFORMANCE_ANALYTICS_GENERATED: Stability: 10, Trend: degrading
2025-07-26 09:09:35,596 - TAQWIN_ENHANCED - WARNING - RESTART_NEEDED_ENHANCED: Health issues: Process not running or terminated
2025-07-26 09:09:36,612 - TAQWIN_ENHANCED - INFO - BACKOFF_WAIT: Waiting 60 seconds before restart (failures: 9)
2025-07-26 09:10:37,628 - TAQWIN_ENHANCED - INFO - GRACEFUL_SHUTDOWN: Process terminated gracefully
2025-07-26 09:10:42,368 - TAQWIN_ENHANCED - ERROR - OFFICE_RESTART_FAILED_ENHANCED: Failed restart #9, Consecutive failures: 10
2025-07-26 09:12:43,404 - TAQWIN_ENHANCED - WARNING - RESTART_NEEDED_ENHANCED: Health issues: Process not running or terminated
2025-07-26 09:12:44,445 - TAQWIN_ENHANCED - INFO - BACKOFF_WAIT: Waiting 60 seconds before restart (failures: 10)
2025-07-26 09:13:45,462 - TAQWIN_ENHANCED - INFO - GRACEFUL_SHUTDOWN: Process terminated gracefully
2025-07-26 09:13:50,386 - TAQWIN_ENHANCED - ERROR - OFFICE_RESTART_FAILED_ENHANCED: Failed restart #10, Consecutive failures: 11
2025-07-26 09:14:07,412 - TAQWIN_ENHANCED - INFO - PERFORMANCE_ANALYTICS_GENERATED: Stability: 0, Trend: degrading
2025-07-26 09:15:53,439 - TAQWIN_ENHANCED - WARNING - RESTART_NEEDED_ENHANCED: Health issues: Process not running or terminated
2025-07-26 09:15:54,455 - TAQWIN_ENHANCED - INFO - BACKOFF_WAIT: Waiting 60 seconds before restart (failures: 11)
2025-07-26 09:16:55,471 - TAQWIN_ENHANCED - INFO - GRACEFUL_SHUTDOWN: Process terminated gracefully
2025-07-26 09:17:00,214 - TAQWIN_ENHANCED - ERROR - OFFICE_RESTART_FAILED_ENHANCED: Failed restart #11, Consecutive failures: 12
2025-07-26 09:17:31,442 - TAQWIN_ENHANCED - INFO - GIT_OPERATIONS_COMPLETE: Processed 22 operations
2025-07-26 09:19:02,460 - TAQWIN_ENHANCED - WARNING - RESTART_NEEDED_ENHANCED: Health issues: Process not running or terminated
2025-07-26 09:19:03,476 - TAQWIN_ENHANCED - INFO - BACKOFF_WAIT: Waiting 60 seconds before restart (failures: 12)
2025-07-26 09:20:04,492 - TAQWIN_ENHANCED - INFO - GRACEFUL_SHUTDOWN: Process terminated gracefully
2025-07-26 09:20:09,244 - TAQWIN_ENHANCED - ERROR - OFFICE_RESTART_FAILED_ENHANCED: Failed restart #12, Consecutive failures: 13
2025-07-26 09:20:26,273 - TAQWIN_ENHANCED - INFO - PERFORMANCE_ANALYTICS_GENERATED: Stability: 0, Trend: degrading
2025-07-26 09:22:12,301 - TAQWIN_ENHANCED - WARNING - RESTART_NEEDED_ENHANCED: Health issues: Process not running or terminated
2025-07-26 09:22:13,323 - TAQWIN_ENHANCED - INFO - BACKOFF_WAIT: Waiting 60 seconds before restart (failures: 13)
2025-07-26 09:22:26,600 - TAQWIN_ENHANCED - INFO - ENHANCED_SERVICE_STARTED: Alan Turing's V3.0 background service initialized
2025-07-26 09:22:27,656 - TAQWIN_ENHANCED - INFO - GIT_SETUP_INITIALIZED: Git authentication ready for PAT configuration
2025-07-26 09:22:28,670 - TAQWIN_ENHANCED - INFO - ENHANCED_STARTUP_SCRIPT_CREATED: D:\Ethereal Glow\python-systems\start_taqwin_enhanced.bat
2025-07-26 09:22:30,782 - TAQWIN_ENHANCED - INFO - ZOMBIE_CLEANUP: Terminated orphaned process 28908
2025-07-26 09:22:50,212 - TAQWIN_ENHANCED - INFO - GRACEFUL_SHUTDOWN: Process terminated gracefully
2025-07-26 09:22:52,232 - TAQWIN_ENHANCED - INFO - ENHANCED_SERVICE_STOPPED: Service ran for 0.4 minutes, Final stability score: 90
2025-07-26 09:33:28,263 - TAQWIN_ENHANCED - INFO - ENHANCED_SERVICE_STARTED: Alan Turing's V3.0 background service initialized
2025-07-26 09:33:29,337 - TAQWIN_ENHANCED - INFO - GIT_SETUP_INITIALIZED: Git authentication ready for PAT configuration
2025-07-26 09:33:30,360 - TAQWIN_ENHANCED - INFO - ENHANCED_STARTUP_SCRIPT_CREATED: D:\Ethereal Glow\python-systems\start_taqwin_enhanced.bat
2025-07-26 09:35:36,331 - TAQWIN_ENHANCED - WARNING - RESTART_NEEDED_ENHANCED: Health issues: Process not running or terminated
2025-07-26 09:35:37,350 - TAQWIN_ENHANCED - INFO - BACKOFF_WAIT: Waiting 1 seconds before restart (failures: 1)
2025-07-26 09:35:39,370 - TAQWIN_ENHANCED - INFO - GRACEFUL_SHUTDOWN: Process terminated gracefully
2025-07-26 09:35:41,259 - TAQWIN_ENHANCED - INFO - ZOMBIE_CLEANUP: Terminated orphaned process 12784
2025-07-26 09:35:45,419 - TAQWIN_ENHANCED - ERROR - OFFICE_RESTART_FAILED_ENHANCED: Failed restart #1, Consecutive failures: 2
2025-07-26 09:37:46,450 - TAQWIN_ENHANCED - WARNING - RESTART_NEEDED_ENHANCED: Health issues: Process not running or terminated
2025-07-26 09:37:47,475 - TAQWIN_ENHANCED - INFO - BACKOFF_WAIT: Waiting 2 seconds before restart (failures: 2)
2025-07-26 09:37:50,496 - TAQWIN_ENHANCED - INFO - GRACEFUL_SHUTDOWN: Process terminated gracefully
2025-07-26 09:37:55,875 - TAQWIN_ENHANCED - ERROR - OFFICE_RESTART_FAILED_ENHANCED: Failed restart #2, Consecutive failures: 3
2025-07-26 09:38:42,913 - TAQWIN_ENHANCED - INFO - PERFORMANCE_ANALYTICS_GENERATED: Stability: 70, Trend: stable
2025-07-26 09:39:58,937 - TAQWIN_ENHANCED - WARNING - RESTART_NEEDED_ENHANCED: Health issues: Process not running or terminated
2025-07-26 09:39:59,958 - TAQWIN_ENHANCED - INFO - BACKOFF_WAIT: Waiting 4 seconds before restart (failures: 3)
2025-07-26 09:40:04,979 - TAQWIN_ENHANCED - INFO - GRACEFUL_SHUTDOWN: Process terminated gracefully
2025-07-26 09:40:10,147 - TAQWIN_ENHANCED - ERROR - OFFICE_RESTART_FAILED_ENHANCED: Failed restart #3, Consecutive failures: 4
2025-07-26 09:42:11,176 - TAQWIN_ENHANCED - WARNING - RESTART_NEEDED_ENHANCED: Health issues: Process not running or terminated
2025-07-26 09:42:12,195 - TAQWIN_ENHANCED - INFO - BACKOFF_WAIT: Waiting 8 seconds before restart (failures: 4)
2025-07-26 09:42:21,216 - TAQWIN_ENHANCED - INFO - GRACEFUL_SHUTDOWN: Process terminated gracefully
2025-07-26 09:42:26,381 - TAQWIN_ENHANCED - ERROR - OFFICE_RESTART_FAILED_ENHANCED: Failed restart #4, Consecutive failures: 5
2025-07-26 09:43:58,417 - TAQWIN_ENHANCED - INFO - PERFORMANCE_ANALYTICS_GENERATED: Stability: 50, Trend: stable
2025-07-26 09:44:29,438 - TAQWIN_ENHANCED - WARNING - RESTART_NEEDED_ENHANCED: Health issues: Process not running or terminated
2025-07-26 09:44:30,458 - TAQWIN_ENHANCED - INFO - BACKOFF_WAIT: Waiting 16 seconds before restart (failures: 5)
2025-07-26 09:44:47,480 - TAQWIN_ENHANCED - INFO - GRACEFUL_SHUTDOWN: Process terminated gracefully
2025-07-26 09:44:52,499 - TAQWIN_ENHANCED - ERROR - OFFICE_RESTART_FAILED_ENHANCED: Failed restart #5, Consecutive failures: 6
2025-07-26 09:46:53,532 - TAQWIN_ENHANCED - WARNING - RESTART_NEEDED_ENHANCED: Health issues: Process not running or terminated
2025-07-26 09:46:54,551 - TAQWIN_ENHANCED - INFO - BACKOFF_WAIT: Waiting 32 seconds before restart (failures: 6)
2025-07-26 09:47:27,571 - TAQWIN_ENHANCED - INFO - GRACEFUL_SHUTDOWN: Process terminated gracefully
2025-07-26 09:47:32,596 - TAQWIN_ENHANCED - ERROR - OFFICE_RESTART_FAILED_ENHANCED: Failed restart #6, Consecutive failures: 7
2025-07-26 09:48:33,837 - TAQWIN_ENHANCED - INFO - GIT_OPERATIONS_COMPLETE: Processed 27 operations
2025-07-26 09:49:05,871 - TAQWIN_ENHANCED - INFO - PERFORMANCE_ANALYTICS_GENERATED: Stability: 30, Trend: degrading
2025-07-26 09:49:36,893 - TAQWIN_ENHANCED - WARNING - RESTART_NEEDED_ENHANCED: Health issues: Process not running or terminated
2025-07-26 09:49:37,912 - TAQWIN_ENHANCED - INFO - BACKOFF_WAIT: Waiting 60 seconds before restart (failures: 7)
2025-07-26 09:50:38,934 - TAQWIN_ENHANCED - INFO - GRACEFUL_SHUTDOWN: Process terminated gracefully
2025-07-26 09:50:43,997 - TAQWIN_ENHANCED - ERROR - OFFICE_RESTART_FAILED_ENHANCED: Failed restart #7, Consecutive failures: 8
2025-07-26 09:52:45,026 - TAQWIN_ENHANCED - WARNING - RESTART_NEEDED_ENHANCED: Health issues: Process not running or terminated
2025-07-26 09:52:46,048 - TAQWIN_ENHANCED - INFO - BACKOFF_WAIT: Waiting 60 seconds before restart (failures: 8)
2025-07-26 09:58:32,682 - TAQWIN_ENHANCED - INFO - ENHANCED_SERVICE_STARTED: Alan Turing's V3.0 background service initialized
2025-07-26 09:58:33,746 - TAQWIN_ENHANCED - INFO - GIT_SETUP_INITIALIZED: Git authentication ready for PAT configuration
2025-07-26 09:58:34,762 - TAQWIN_ENHANCED - INFO - ENHANCED_STARTUP_SCRIPT_CREATED: D:\Ethereal Glow\python-systems\start_taqwin_enhanced.bat
2025-07-26 09:58:42,971 - TAQWIN_ENHANCED - INFO - GRACEFUL_SHUTDOWN: Process terminated gracefully
2025-07-26 09:58:44,995 - TAQWIN_ENHANCED - INFO - ENHANCED_SERVICE_STOPPED: Service ran for 0.2 minutes, Final stability score: 90
2025-07-26 10:21:14,673 - TAQWIN_ENHANCED - INFO - ENHANCED_SERVICE_STARTED: Alan Turing's V3.0 background service initialized
2025-07-26 10:21:15,727 - TAQWIN_ENHANCED - INFO - GIT_SETUP_INITIALIZED: Git authentication ready for PAT configuration
2025-07-26 10:21:16,743 - TAQWIN_ENHANCED - INFO - ENHANCED_STARTUP_SCRIPT_CREATED: D:\Ethereal Glow\python-systems\start_taqwin_enhanced.bat
2025-07-26 10:23:22,516 - TAQWIN_ENHANCED - WARNING - RESTART_NEEDED_ENHANCED: Health issues: Process not running or terminated
2025-07-26 10:23:23,536 - TAQWIN_ENHANCED - INFO - BACKOFF_WAIT: Waiting 1 seconds before restart (failures: 1)
2025-07-26 10:23:25,556 - TAQWIN_ENHANCED - INFO - GRACEFUL_SHUTDOWN: Process terminated gracefully
2025-07-26 10:23:30,632 - TAQWIN_ENHANCED - ERROR - OFFICE_RESTART_FAILED_ENHANCED: Failed restart #1, Consecutive failures: 2
2025-07-26 10:25:31,664 - TAQWIN_ENHANCED - WARNING - RESTART_NEEDED_ENHANCED: Health issues: Process not running or terminated
2025-07-26 10:25:32,684 - TAQWIN_ENHANCED - INFO - BACKOFF_WAIT: Waiting 2 seconds before restart (failures: 2)
2025-07-26 10:25:35,703 - TAQWIN_ENHANCED - INFO - GRACEFUL_SHUTDOWN: Process terminated gracefully
2025-07-26 10:25:40,671 - TAQWIN_ENHANCED - ERROR - OFFICE_RESTART_FAILED_ENHANCED: Failed restart #2, Consecutive failures: 3
2025-07-26 10:26:27,707 - TAQWIN_ENHANCED - INFO - PERFORMANCE_ANALYTICS_GENERATED: Stability: 70, Trend: stable
2025-07-26 10:27:43,730 - TAQWIN_ENHANCED - WARNING - RESTART_NEEDED_ENHANCED: Health issues: Process not running or terminated
2025-07-26 10:27:44,750 - TAQWIN_ENHANCED - INFO - BACKOFF_WAIT: Waiting 4 seconds before restart (failures: 3)
2025-07-26 10:27:49,771 - TAQWIN_ENHANCED - INFO - GRACEFUL_SHUTDOWN: Process terminated gracefully
2025-07-26 10:27:54,807 - TAQWIN_ENHANCED - ERROR - OFFICE_RESTART_FAILED_ENHANCED: Failed restart #3, Consecutive failures: 4
2025-07-26 10:29:55,831 - TAQWIN_ENHANCED - WARNING - RESTART_NEEDED_ENHANCED: Health issues: Process not running or terminated
2025-07-26 10:29:56,851 - TAQWIN_ENHANCED - INFO - BACKOFF_WAIT: Waiting 8 seconds before restart (failures: 4)
2025-07-26 10:30:05,871 - TAQWIN_ENHANCED - INFO - GRACEFUL_SHUTDOWN: Process terminated gracefully
2025-07-26 10:30:10,803 - TAQWIN_ENHANCED - ERROR - OFFICE_RESTART_FAILED_ENHANCED: Failed restart #4, Consecutive failures: 5
2025-07-26 10:31:42,844 - TAQWIN_ENHANCED - INFO - PERFORMANCE_ANALYTICS_GENERATED: Stability: 50, Trend: stable
2025-07-26 10:32:13,865 - TAQWIN_ENHANCED - WARNING - RESTART_NEEDED_ENHANCED: Health issues: Process not running or terminated
2025-07-26 10:32:14,887 - TAQWIN_ENHANCED - INFO - BACKOFF_WAIT: Waiting 16 seconds before restart (failures: 5)
2025-07-26 10:32:31,910 - TAQWIN_ENHANCED - INFO - GRACEFUL_SHUTDOWN: Process terminated gracefully
2025-07-26 10:32:36,890 - TAQWIN_ENHANCED - ERROR - OFFICE_RESTART_FAILED_ENHANCED: Failed restart #5, Consecutive failures: 6
2025-07-26 10:34:37,917 - TAQWIN_ENHANCED - WARNING - RESTART_NEEDED_ENHANCED: Health issues: Process not running or terminated
2025-07-26 10:34:38,938 - TAQWIN_ENHANCED - INFO - BACKOFF_WAIT: Waiting 32 seconds before restart (failures: 6)
2025-07-26 10:35:11,959 - TAQWIN_ENHANCED - INFO - GRACEFUL_SHUTDOWN: Process terminated gracefully
2025-07-26 10:35:16,939 - TAQWIN_ENHANCED - ERROR - OFFICE_RESTART_FAILED_ENHANCED: Failed restart #6, Consecutive failures: 7
2025-07-26 10:36:18,167 - TAQWIN_ENHANCED - INFO - GIT_OPERATIONS_COMPLETE: Processed 32 operations
2025-07-26 10:36:50,206 - TAQWIN_ENHANCED - INFO - PERFORMANCE_ANALYTICS_GENERATED: Stability: 30, Trend: degrading
2025-07-26 10:37:21,228 - TAQWIN_ENHANCED - WARNING - RESTART_NEEDED_ENHANCED: Health issues: Process not running or terminated
2025-07-26 10:37:22,248 - TAQWIN_ENHANCED - INFO - BACKOFF_WAIT: Waiting 60 seconds before restart (failures: 7)
2025-07-26 10:38:23,274 - TAQWIN_ENHANCED - INFO - GRACEFUL_SHUTDOWN: Process terminated gracefully
2025-07-26 10:38:28,238 - TAQWIN_ENHANCED - ERROR - OFFICE_RESTART_FAILED_ENHANCED: Failed restart #7, Consecutive failures: 8
2025-07-26 10:40:29,267 - TAQWIN_ENHANCED - WARNING - RESTART_NEEDED_ENHANCED: Health issues: Process not running or terminated
2025-07-26 10:40:30,289 - TAQWIN_ENHANCED - INFO - BACKOFF_WAIT: Waiting 60 seconds before restart (failures: 8)
2025-07-26 10:41:31,311 - TAQWIN_ENHANCED - INFO - GRACEFUL_SHUTDOWN: Process terminated gracefully
2025-07-26 10:41:36,374 - TAQWIN_ENHANCED - ERROR - OFFICE_RESTART_FAILED_ENHANCED: Failed restart #8, Consecutive failures: 9
2025-07-26 10:41:50,888 - TAQWIN_ENHANCED - INFO - ENHANCED_SERVICE_STARTED: Alan Turing's V3.0 background service initialized
2025-07-26 10:41:51,945 - TAQWIN_ENHANCED - INFO - GIT_SETUP_INITIALIZED: Git authentication ready for PAT configuration
2025-07-26 10:41:52,962 - TAQWIN_ENHANCED - INFO - ENHANCED_STARTUP_SCRIPT_CREATED: D:\Ethereal Glow\python-systems\start_taqwin_enhanced.bat
2025-07-26 10:41:53,413 - TAQWIN_ENHANCED - INFO - PERFORMANCE_ANALYTICS_GENERATED: Stability: 10, Trend: degrading
2025-07-26 10:41:55,422 - TAQWIN_ENHANCED - INFO - ZOMBIE_CLEANUP: Terminated orphaned process 28100
2025-07-26 10:42:14,009 - TAQWIN_ENHANCED - INFO - GRACEFUL_SHUTDOWN: Process terminated gracefully
2025-07-26 10:42:16,035 - TAQWIN_ENHANCED - INFO - ENHANCED_SERVICE_STOPPED: Service ran for 0.4 minutes, Final stability score: 90
2025-07-26 10:50:16,799 - TAQWIN_ENHANCED - INFO - ENHANCED_SERVICE_STARTED: Alan Turing's V3.0 background service initialized
2025-07-26 10:50:17,852 - TAQWIN_ENHANCED - INFO - GIT_SETUP_INITIALIZED: Git authentication ready for PAT configuration
2025-07-26 10:50:18,869 - TAQWIN_ENHANCED - INFO - ENHANCED_STARTUP_SCRIPT_CREATED: D:\Ethereal Glow\python-systems\start_taqwin_enhanced.bat
2025-07-26 10:52:24,585 - TAQWIN_ENHANCED - WARNING - RESTART_NEEDED_ENHANCED: Health issues: Process not running or terminated
2025-07-26 10:52:25,608 - TAQWIN_ENHANCED - INFO - BACKOFF_WAIT: Waiting 1 seconds before restart (failures: 1)
2025-07-26 10:52:27,629 - TAQWIN_ENHANCED - INFO - GRACEFUL_SHUTDOWN: Process terminated gracefully
2025-07-26 10:52:32,587 - TAQWIN_ENHANCED - ERROR - OFFICE_RESTART_FAILED_ENHANCED: Failed restart #1, Consecutive failures: 2
2025-07-26 10:54:33,612 - TAQWIN_ENHANCED - WARNING - RESTART_NEEDED_ENHANCED: Health issues: Process not running or terminated
2025-07-26 10:54:34,632 - TAQWIN_ENHANCED - INFO - BACKOFF_WAIT: Waiting 2 seconds before restart (failures: 2)
2025-07-26 10:54:37,653 - TAQWIN_ENHANCED - INFO - GRACEFUL_SHUTDOWN: Process terminated gracefully
2025-07-26 10:54:42,560 - TAQWIN_ENHANCED - ERROR - OFFICE_RESTART_FAILED_ENHANCED: Failed restart #2, Consecutive failures: 3
2025-07-26 10:55:29,598 - TAQWIN_ENHANCED - INFO - PERFORMANCE_ANALYTICS_GENERATED: Stability: 70, Trend: stable
2025-07-26 10:56:45,626 - TAQWIN_ENHANCED - WARNING - RESTART_NEEDED_ENHANCED: Health issues: Process not running or terminated
2025-07-26 10:56:46,647 - TAQWIN_ENHANCED - INFO - BACKOFF_WAIT: Waiting 4 seconds before restart (failures: 3)
2025-07-26 10:56:51,667 - TAQWIN_ENHANCED - INFO - GRACEFUL_SHUTDOWN: Process terminated gracefully
2025-07-26 10:56:56,653 - TAQWIN_ENHANCED - ERROR - OFFICE_RESTART_FAILED_ENHANCED: Failed restart #3, Consecutive failures: 4
2025-07-26 10:58:57,679 - TAQWIN_ENHANCED - WARNING - RESTART_NEEDED_ENHANCED: Health issues: Process not running or terminated
2025-07-26 10:58:58,700 - TAQWIN_ENHANCED - INFO - BACKOFF_WAIT: Waiting 8 seconds before restart (failures: 4)
2025-07-26 10:59:07,723 - TAQWIN_ENHANCED - INFO - GRACEFUL_SHUTDOWN: Process terminated gracefully
2025-07-26 10:59:12,646 - TAQWIN_ENHANCED - ERROR - OFFICE_RESTART_FAILED_ENHANCED: Failed restart #4, Consecutive failures: 5
2025-07-26 11:00:44,689 - TAQWIN_ENHANCED - INFO - PERFORMANCE_ANALYTICS_GENERATED: Stability: 50, Trend: stable
2025-07-26 11:01:15,713 - TAQWIN_ENHANCED - WARNING - RESTART_NEEDED_ENHANCED: Health issues: Process not running or terminated
2025-07-26 11:01:16,734 - TAQWIN_ENHANCED - INFO - BACKOFF_WAIT: Waiting 16 seconds before restart (failures: 5)
2025-07-26 11:01:33,757 - TAQWIN_ENHANCED - INFO - GRACEFUL_SHUTDOWN: Process terminated gracefully
2025-07-26 11:01:38,697 - TAQWIN_ENHANCED - ERROR - OFFICE_RESTART_FAILED_ENHANCED: Failed restart #5, Consecutive failures: 6
2025-07-26 11:03:39,721 - TAQWIN_ENHANCED - WARNING - RESTART_NEEDED_ENHANCED: Health issues: Process not running or terminated
2025-07-26 11:03:40,742 - TAQWIN_ENHANCED - INFO - BACKOFF_WAIT: Waiting 32 seconds before restart (failures: 6)
2025-07-26 11:04:13,763 - TAQWIN_ENHANCED - INFO - GRACEFUL_SHUTDOWN: Process terminated gracefully
2025-07-26 11:04:18,702 - TAQWIN_ENHANCED - ERROR - OFFICE_RESTART_FAILED_ENHANCED: Failed restart #6, Consecutive failures: 7
2025-07-26 11:04:55,724 - TAQWIN_ENHANCED - INFO - ENHANCED_SERVICE_STARTED: Alan Turing's V3.0 background service initialized
2025-07-26 11:04:56,777 - TAQWIN_ENHANCED - INFO - GIT_SETUP_INITIALIZED: Git authentication ready for PAT configuration
2025-07-26 11:04:57,795 - TAQWIN_ENHANCED - INFO - ENHANCED_STARTUP_SCRIPT_CREATED: D:\Ethereal Glow\python-systems\start_taqwin_enhanced.bat
2025-07-26 11:05:00,188 - TAQWIN_ENHANCED - INFO - ZOMBIE_CLEANUP: Terminated orphaned process 25604
2025-07-26 11:07:04,251 - TAQWIN_ENHANCED - WARNING - RESTART_NEEDED_ENHANCED: Health issues: Process not running or terminated
2025-07-26 11:07:05,273 - TAQWIN_ENHANCED - INFO - BACKOFF_WAIT: Waiting 1 seconds before restart (failures: 1)
2025-07-26 11:07:07,295 - TAQWIN_ENHANCED - INFO - GRACEFUL_SHUTDOWN: Process terminated gracefully
2025-07-26 11:07:12,230 - TAQWIN_ENHANCED - ERROR - OFFICE_RESTART_FAILED_ENHANCED: Failed restart #1, Consecutive failures: 2
2025-07-26 11:09:13,256 - TAQWIN_ENHANCED - WARNING - RESTART_NEEDED_ENHANCED: Health issues: Process not running or terminated
2025-07-26 11:09:14,278 - TAQWIN_ENHANCED - INFO - BACKOFF_WAIT: Waiting 2 seconds before restart (failures: 2)
2025-07-26 11:09:17,299 - TAQWIN_ENHANCED - INFO - GRACEFUL_SHUTDOWN: Process terminated gracefully
2025-07-26 11:09:22,232 - TAQWIN_ENHANCED - ERROR - OFFICE_RESTART_FAILED_ENHANCED: Failed restart #2, Consecutive failures: 3
2025-07-26 11:09:49,665 - TAQWIN_ENHANCED - INFO - ENHANCED_SERVICE_STARTED: Alan Turing's V3.0 background service initialized
2025-07-26 11:09:50,719 - TAQWIN_ENHANCED - INFO - GIT_SETUP_INITIALIZED: Git authentication ready for PAT configuration
2025-07-26 11:09:51,741 - TAQWIN_ENHANCED - INFO - ENHANCED_STARTUP_SCRIPT_CREATED: D:\Ethereal Glow\python-systems\start_taqwin_enhanced.bat
2025-07-26 11:09:54,336 - TAQWIN_ENHANCED - INFO - ZOMBIE_CLEANUP: Terminated orphaned process 28264
2025-07-26 11:11:58,383 - TAQWIN_ENHANCED - WARNING - RESTART_NEEDED_ENHANCED: Health issues: Process not running or terminated
2025-07-26 11:11:59,406 - TAQWIN_ENHANCED - INFO - BACKOFF_WAIT: Waiting 1 seconds before restart (failures: 1)
2025-07-26 11:12:01,427 - TAQWIN_ENHANCED - INFO - GRACEFUL_SHUTDOWN: Process terminated gracefully
2025-07-26 11:12:06,463 - TAQWIN_ENHANCED - ERROR - OFFICE_RESTART_FAILED_ENHANCED: Failed restart #1, Consecutive failures: 2
2025-07-26 11:14:07,489 - TAQWIN_ENHANCED - WARNING - RESTART_NEEDED_ENHANCED: Health issues: Process not running or terminated
2025-07-26 11:14:08,511 - TAQWIN_ENHANCED - INFO - BACKOFF_WAIT: Waiting 2 seconds before restart (failures: 2)
2025-07-26 11:14:11,533 - TAQWIN_ENHANCED - INFO - GRACEFUL_SHUTDOWN: Process terminated gracefully
2025-07-26 11:14:16,525 - TAQWIN_ENHANCED - ERROR - OFFICE_RESTART_FAILED_ENHANCED: Failed restart #2, Consecutive failures: 3
2025-07-26 11:15:03,565 - TAQWIN_ENHANCED - INFO - PERFORMANCE_ANALYTICS_GENERATED: Stability: 70, Trend: stable
2025-07-26 11:16:19,595 - TAQWIN_ENHANCED - WARNING - RESTART_NEEDED_ENHANCED: Health issues: Process not running or terminated
2025-07-26 11:16:20,617 - TAQWIN_ENHANCED - INFO - BACKOFF_WAIT: Waiting 4 seconds before restart (failures: 3)
2025-07-26 11:16:25,639 - TAQWIN_ENHANCED - INFO - GRACEFUL_SHUTDOWN: Process terminated gracefully
2025-07-26 11:16:30,615 - TAQWIN_ENHANCED - ERROR - OFFICE_RESTART_FAILED_ENHANCED: Failed restart #3, Consecutive failures: 4
2025-07-26 11:18:31,642 - TAQWIN_ENHANCED - WARNING - RESTART_NEEDED_ENHANCED: Health issues: Process not running or terminated
2025-07-26 11:18:32,665 - TAQWIN_ENHANCED - INFO - BACKOFF_WAIT: Waiting 8 seconds before restart (failures: 4)
2025-07-26 11:18:41,690 - TAQWIN_ENHANCED - INFO - GRACEFUL_SHUTDOWN: Process terminated gracefully
2025-07-26 11:18:46,743 - TAQWIN_ENHANCED - ERROR - OFFICE_RESTART_FAILED_ENHANCED: Failed restart #4, Consecutive failures: 5
2025-07-26 11:20:18,792 - TAQWIN_ENHANCED - INFO - PERFORMANCE_ANALYTICS_GENERATED: Stability: 50, Trend: stable
2025-07-26 11:20:49,819 - TAQWIN_ENHANCED - WARNING - RESTART_NEEDED_ENHANCED: Health issues: Process not running or terminated
2025-07-26 11:20:50,841 - TAQWIN_ENHANCED - INFO - BACKOFF_WAIT: Waiting 16 seconds before restart (failures: 5)
2025-07-26 11:21:07,865 - TAQWIN_ENHANCED - INFO - GRACEFUL_SHUTDOWN: Process terminated gracefully
2025-07-26 11:21:12,821 - TAQWIN_ENHANCED - ERROR - OFFICE_RESTART_FAILED_ENHANCED: Failed restart #5, Consecutive failures: 6
2025-07-26 11:23:13,848 - TAQWIN_ENHANCED - WARNING - RESTART_NEEDED_ENHANCED: Health issues: Process not running or terminated
2025-07-26 11:23:14,870 - TAQWIN_ENHANCED - INFO - BACKOFF_WAIT: Waiting 32 seconds before restart (failures: 6)
2025-07-26 11:23:47,894 - TAQWIN_ENHANCED - INFO - GRACEFUL_SHUTDOWN: Process terminated gracefully
2025-07-26 11:23:52,822 - TAQWIN_ENHANCED - ERROR - OFFICE_RESTART_FAILED_ENHANCED: Failed restart #6, Consecutive failures: 7
2025-07-26 11:24:54,070 - TAQWIN_ENHANCED - INFO - GIT_OPERATIONS_COMPLETE: Processed 39 operations
2025-07-26 11:25:26,109 - TAQWIN_ENHANCED - INFO - PERFORMANCE_ANALYTICS_GENERATED: Stability: 30, Trend: degrading
2025-07-26 11:25:57,137 - TAQWIN_ENHANCED - WARNING - RESTART_NEEDED_ENHANCED: Health issues: Process not running or terminated
2025-07-26 11:25:58,160 - TAQWIN_ENHANCED - INFO - BACKOFF_WAIT: Waiting 60 seconds before restart (failures: 7)
2025-07-26 11:26:59,188 - TAQWIN_ENHANCED - INFO - GRACEFUL_SHUTDOWN: Process terminated gracefully
2025-07-26 11:27:04,654 - TAQWIN_ENHANCED - ERROR - OFFICE_RESTART_FAILED_ENHANCED: Failed restart #7, Consecutive failures: 8
2025-07-26 11:29:05,681 - TAQWIN_ENHANCED - WARNING - RESTART_NEEDED_ENHANCED: Health issues: Process not running or terminated
2025-07-26 11:29:06,705 - TAQWIN_ENHANCED - INFO - BACKOFF_WAIT: Waiting 60 seconds before restart (failures: 8)
2025-07-26 11:30:07,733 - TAQWIN_ENHANCED - INFO - GRACEFUL_SHUTDOWN: Process terminated gracefully
2025-07-26 11:30:12,790 - TAQWIN_ENHANCED - ERROR - OFFICE_RESTART_FAILED_ENHANCED: Failed restart #8, Consecutive failures: 9
2025-07-26 11:30:29,831 - TAQWIN_ENHANCED - INFO - PERFORMANCE_ANALYTICS_GENERATED: Stability: 10, Trend: degrading
2025-07-26 11:32:15,862 - TAQWIN_ENHANCED - WARNING - RESTART_NEEDED_ENHANCED: Health issues: Process not running or terminated
2025-07-26 11:32:16,887 - TAQWIN_ENHANCED - INFO - BACKOFF_WAIT: Waiting 60 seconds before restart (failures: 9)
2025-07-26 11:33:17,912 - TAQWIN_ENHANCED - INFO - GRACEFUL_SHUTDOWN: Process terminated gracefully
2025-07-26 11:33:22,981 - TAQWIN_ENHANCED - ERROR - OFFICE_RESTART_FAILED_ENHANCED: Failed restart #9, Consecutive failures: 10
2025-07-26 11:35:24,013 - TAQWIN_ENHANCED - WARNING - RESTART_NEEDED_ENHANCED: Health issues: Process not running or terminated
2025-07-26 11:35:25,039 - TAQWIN_ENHANCED - INFO - BACKOFF_WAIT: Waiting 60 seconds before restart (failures: 10)
2025-07-26 11:36:26,064 - TAQWIN_ENHANCED - INFO - GRACEFUL_SHUTDOWN: Process terminated gracefully
2025-07-26 11:36:31,160 - TAQWIN_ENHANCED - ERROR - OFFICE_RESTART_FAILED_ENHANCED: Failed restart #10, Consecutive failures: 11
2025-07-26 11:36:48,202 - TAQWIN_ENHANCED - INFO - PERFORMANCE_ANALYTICS_GENERATED: Stability: 0, Trend: degrading
2025-07-26 11:38:34,230 - TAQWIN_ENHANCED - WARNING - RESTART_NEEDED_ENHANCED: Health issues: Process not running or terminated
2025-07-26 11:38:35,254 - TAQWIN_ENHANCED - INFO - BACKOFF_WAIT: Waiting 60 seconds before restart (failures: 11)
2025-07-26 11:39:36,280 - TAQWIN_ENHANCED - INFO - GRACEFUL_SHUTDOWN: Process terminated gracefully
2025-07-26 11:39:41,341 - TAQWIN_ENHANCED - ERROR - OFFICE_RESTART_FAILED_ENHANCED: Failed restart #11, Consecutive failures: 12
2025-07-26 11:39:57,568 - TAQWIN_ENHANCED - INFO - GIT_OPERATIONS_COMPLETE: Processed 42 operations
2025-07-26 11:41:43,605 - TAQWIN_ENHANCED - WARNING - RESTART_NEEDED_ENHANCED: Health issues: Process not running or terminated
2025-07-26 11:41:44,631 - TAQWIN_ENHANCED - INFO - BACKOFF_WAIT: Waiting 60 seconds before restart (failures: 12)
2025-07-26 22:55:05,113 - TAQWIN_ENHANCED - INFO - ENHANCED_SERVICE_STARTED: Alan Turing's V3.0 background service initialized
2025-07-26 22:55:06,197 - TAQWIN_ENHANCED - INFO - GIT_SETUP_INITIALIZED: Git authentication ready for PAT configuration
2025-07-26 22:55:07,227 - TAQWIN_ENHANCED - INFO - ENHANCED_STARTUP_SCRIPT_CREATED: D:\Ethereal Glow\python-systems\start_taqwin_enhanced.bat
2025-07-26 22:55:09,818 - TAQWIN_ENHANCED - INFO - ZOMBIE_CLEANUP: Terminated orphaned process 14960
2025-07-26 22:55:10,940 - TAQWIN_ENHANCED - INFO - ZOMBIE_CLEANUP: Terminated orphaned process 19060
2025-07-27 02:09:15,699 - TAQWIN_ENHANCED - INFO - ENHANCED_SERVICE_STARTED: Alan Turing's V3.0 background service initialized
2025-07-27 02:09:16,760 - TAQWIN_ENHANCED - INFO - GIT_SETUP_INITIALIZED: Git authentication ready for PAT configuration
2025-07-27 02:09:17,787 - TAQWIN_ENHANCED - INFO - ENHANCED_STARTUP_SCRIPT_CREATED: D:\Ethereal Glow\python-systems\start_taqwin_enhanced.bat
2025-07-27 02:09:20,568 - TAQWIN_ENHANCED - INFO - ZOMBIE_CLEANUP: Terminated orphaned process 18904
2025-07-27 02:09:21,746 - TAQWIN_ENHANCED - INFO - ZOMBIE_CLEANUP: Terminated orphaned process 28664
2025-07-27 02:09:22,780 - TAQWIN_ENHANCED - INFO - ZOMBIE_CLEANUP: Terminated orphaned process 29480
2025-07-27 02:11:26,827 - TAQWIN_ENHANCED - WARNING - RESTART_NEEDED_ENHANCED: Health issues: Process not running or terminated
2025-07-27 02:11:27,850 - TAQWIN_ENHANCED - INFO - BACKOFF_WAIT: Waiting 1 seconds before restart (failures: 1)
2025-07-27 02:11:29,873 - TAQWIN_ENHANCED - INFO - GRACEFUL_SHUTDOWN: Process terminated gracefully
2025-07-27 02:11:34,959 - TAQWIN_ENHANCED - ERROR - OFFICE_RESTART_FAILED_ENHANCED: Failed restart #1, Consecutive failures: 2
2025-07-27 02:13:35,986 - TAQWIN_ENHANCED - WARNING - RESTART_NEEDED_ENHANCED: Health issues: Process not running or terminated
2025-07-27 02:13:37,012 - TAQWIN_ENHANCED - INFO - BACKOFF_WAIT: Waiting 2 seconds before restart (failures: 2)
2025-07-27 02:13:40,040 - TAQWIN_ENHANCED - INFO - GRACEFUL_SHUTDOWN: Process terminated gracefully
2025-07-27 02:13:45,065 - TAQWIN_ENHANCED - ERROR - OFFICE_RESTART_FAILED_ENHANCED: Failed restart #2, Consecutive failures: 3
2025-07-27 02:14:32,104 - TAQWIN_ENHANCED - INFO - PERFORMANCE_ANALYTICS_GENERATED: Stability: 70, Trend: stable
2025-07-27 02:15:48,137 - TAQWIN_ENHANCED - WARNING - RESTART_NEEDED_ENHANCED: Health issues: Process not running or terminated
2025-07-27 02:15:49,162 - TAQWIN_ENHANCED - INFO - BACKOFF_WAIT: Waiting 4 seconds before restart (failures: 3)
2025-07-27 02:15:54,186 - TAQWIN_ENHANCED - INFO - GRACEFUL_SHUTDOWN: Process terminated gracefully
2025-07-27 02:15:59,362 - TAQWIN_ENHANCED - ERROR - OFFICE_RESTART_FAILED_ENHANCED: Failed restart #3, Consecutive failures: 4
2025-07-27 02:18:00,394 - TAQWIN_ENHANCED - WARNING - RESTART_NEEDED_ENHANCED: Health issues: Process not running or terminated
2025-07-27 02:18:01,423 - TAQWIN_ENHANCED - INFO - BACKOFF_WAIT: Waiting 8 seconds before restart (failures: 4)
2025-07-27 02:18:10,450 - TAQWIN_ENHANCED - INFO - GRACEFUL_SHUTDOWN: Process terminated gracefully
2025-07-27 02:18:15,638 - TAQWIN_ENHANCED - ERROR - OFFICE_RESTART_FAILED_ENHANCED: Failed restart #4, Consecutive failures: 5
2025-07-27 02:19:47,685 - TAQWIN_ENHANCED - INFO - PERFORMANCE_ANALYTICS_GENERATED: Stability: 50, Trend: stable
2025-07-27 02:20:11,576 - TAQWIN_ENHANCED - INFO - ENHANCED_SERVICE_STARTED: Alan Turing's V3.0 background service initialized
2025-07-27 02:20:12,638 - TAQWIN_ENHANCED - INFO - GIT_SETUP_INITIALIZED: Git authentication ready for PAT configuration
2025-07-27 02:20:13,660 - TAQWIN_ENHANCED - INFO - ENHANCED_STARTUP_SCRIPT_CREATED: D:\Ethereal Glow\python-systems\start_taqwin_enhanced.bat
2025-07-27 02:20:16,244 - TAQWIN_ENHANCED - INFO - ZOMBIE_CLEANUP: Terminated orphaned process 10448
2025-07-27 02:20:17,470 - TAQWIN_ENHANCED - INFO - ZOMBIE_CLEANUP: Terminated orphaned process 15152
2025-07-27 02:20:18,624 - TAQWIN_ENHANCED - INFO - ZOMBIE_CLEANUP: Terminated orphaned process 25380
2025-07-27 02:26:23,702 - TAQWIN_ENHANCED - INFO - ENHANCED_SERVICE_STARTED: Alan Turing's V3.0 background service initialized
2025-07-27 02:26:24,762 - TAQWIN_ENHANCED - INFO - GIT_SETUP_INITIALIZED: Git authentication ready for PAT configuration
2025-07-27 02:26:25,785 - TAQWIN_ENHANCED - INFO - ENHANCED_STARTUP_SCRIPT_CREATED: D:\Ethereal Glow\python-systems\start_taqwin_enhanced.bat
2025-07-27 02:26:27,441 - TAQWIN_ENHANCED - INFO - ZOMBIE_CLEANUP: Terminated orphaned process 3848
2025-07-27 02:26:29,620 - TAQWIN_ENHANCED - INFO - ZOMBIE_CLEANUP: Terminated orphaned process 27932
2025-07-27 02:28:33,675 - TAQWIN_ENHANCED - WARNING - RESTART_NEEDED_ENHANCED: Health issues: Process not running or terminated
2025-07-27 02:28:34,711 - TAQWIN_ENHANCED - INFO - BACKOFF_WAIT: Waiting 1 seconds before restart (failures: 1)
2025-07-27 02:28:36,739 - TAQWIN_ENHANCED - INFO - GRACEFUL_SHUTDOWN: Process terminated gracefully
2025-07-27 02:28:41,860 - TAQWIN_ENHANCED - ERROR - OFFICE_RESTART_FAILED_ENHANCED: Failed restart #1, Consecutive failures: 2
2025-07-27 02:30:42,897 - TAQWIN_ENHANCED - WARNING - RESTART_NEEDED_ENHANCED: Health issues: Process not running or terminated
2025-07-27 02:30:43,925 - TAQWIN_ENHANCED - INFO - BACKOFF_WAIT: Waiting 2 seconds before restart (failures: 2)
2025-07-27 02:30:46,952 - TAQWIN_ENHANCED - INFO - GRACEFUL_SHUTDOWN: Process terminated gracefully
2025-07-27 02:30:52,118 - TAQWIN_ENHANCED - ERROR - OFFICE_RESTART_FAILED_ENHANCED: Failed restart #2, Consecutive failures: 3
2025-07-27 02:31:39,161 - TAQWIN_ENHANCED - INFO - PERFORMANCE_ANALYTICS_GENERATED: Stability: 70, Trend: stable
2025-07-27 02:32:55,189 - TAQWIN_ENHANCED - WARNING - RESTART_NEEDED_ENHANCED: Health issues: Process not running or terminated
2025-07-27 02:32:56,219 - TAQWIN_ENHANCED - INFO - BACKOFF_WAIT: Waiting 4 seconds before restart (failures: 3)
2025-07-27 02:33:01,246 - TAQWIN_ENHANCED - INFO - GRACEFUL_SHUTDOWN: Process terminated gracefully
2025-07-27 02:33:06,372 - TAQWIN_ENHANCED - ERROR - OFFICE_RESTART_FAILED_ENHANCED: Failed restart #3, Consecutive failures: 4
2025-07-27 02:35:07,404 - TAQWIN_ENHANCED - WARNING - RESTART_NEEDED_ENHANCED: Health issues: Process not running or terminated
2025-07-27 02:35:08,432 - TAQWIN_ENHANCED - INFO - BACKOFF_WAIT: Waiting 8 seconds before restart (failures: 4)
2025-07-27 02:35:17,458 - TAQWIN_ENHANCED - INFO - GRACEFUL_SHUTDOWN: Process terminated gracefully
2025-07-27 02:35:19,553 - TAQWIN_ENHANCED - INFO - ZOMBIE_CLEANUP: Terminated orphaned process 26608
2025-07-27 02:35:20,590 - TAQWIN_ENHANCED - INFO - ZOMBIE_CLEANUP: Terminated orphaned process 26864
2025-07-27 02:35:24,635 - TAQWIN_ENHANCED - ERROR - OFFICE_RESTART_FAILED_ENHANCED: Failed restart #4, Consecutive failures: 5
2025-07-27 02:36:41,681 - TAQWIN_ENHANCED - INFO - PERFORMANCE_ANALYTICS_GENERATED: Stability: 50, Trend: stable
2025-07-27 02:37:27,711 - TAQWIN_ENHANCED - WARNING - RESTART_NEEDED_ENHANCED: Health issues: Process not running or terminated
2025-07-27 02:37:28,738 - TAQWIN_ENHANCED - INFO - BACKOFF_WAIT: Waiting 16 seconds before restart (failures: 5)
2025-07-27 02:37:45,764 - TAQWIN_ENHANCED - INFO - GRACEFUL_SHUTDOWN: Process terminated gracefully
2025-07-27 02:37:50,801 - TAQWIN_ENHANCED - ERROR - OFFICE_RESTART_FAILED_ENHANCED: Failed restart #5, Consecutive failures: 6
2025-07-27 02:38:28,714 - TAQWIN_ENHANCED - INFO - GRACEFUL_SHUTDOWN: Process terminated gracefully
2025-07-27 02:38:30,744 - TAQWIN_ENHANCED - INFO - ENHANCED_SERVICE_STOPPED: Service ran for 12.1 minutes, Final stability score: 40
2025-07-27 02:42:15,652 - TAQWIN_ENHANCED - INFO - ENHANCED_SERVICE_STARTED: Alan Turing's V3.0 background service initialized
2025-07-27 02:42:16,717 - TAQWIN_ENHANCED - INFO - GIT_SETUP_INITIALIZED: Git authentication ready for PAT configuration
2025-07-27 02:42:17,743 - TAQWIN_ENHANCED - INFO - ENHANCED_STARTUP_SCRIPT_CREATED: D:\Ethereal Glow\python-systems\start_taqwin_enhanced.bat
2025-07-27 02:42:20,712 - TAQWIN_ENHANCED - INFO - ZOMBIE_CLEANUP: Terminated orphaned process 16220
2025-07-27 02:42:21,893 - TAQWIN_ENHANCED - INFO - ZOMBIE_CLEANUP: Terminated orphaned process 26224
2025-07-27 02:44:25,964 - TAQWIN_ENHANCED - WARNING - RESTART_NEEDED_ENHANCED: Health issues: Process not running or terminated
2025-07-27 02:44:26,989 - TAQWIN_ENHANCED - INFO - BACKOFF_WAIT: Waiting 1 seconds before restart (failures: 1)
2025-07-27 02:44:29,020 - TAQWIN_ENHANCED - INFO - GRACEFUL_SHUTDOWN: Process terminated gracefully
2025-07-27 02:44:34,282 - TAQWIN_ENHANCED - ERROR - OFFICE_RESTART_FAILED_ENHANCED: Failed restart #1, Consecutive failures: 2
2025-07-27 02:46:35,318 - TAQWIN_ENHANCED - WARNING - RESTART_NEEDED_ENHANCED: Health issues: Process not running or terminated
2025-07-27 02:46:36,344 - TAQWIN_ENHANCED - INFO - BACKOFF_WAIT: Waiting 2 seconds before restart (failures: 2)
2025-07-27 02:46:39,371 - TAQWIN_ENHANCED - INFO - GRACEFUL_SHUTDOWN: Process terminated gracefully
2025-07-27 02:46:44,499 - TAQWIN_ENHANCED - ERROR - OFFICE_RESTART_FAILED_ENHANCED: Failed restart #2, Consecutive failures: 3
2025-07-27 02:47:31,542 - TAQWIN_ENHANCED - INFO - PERFORMANCE_ANALYTICS_GENERATED: Stability: 70, Trend: stable
2025-07-27 02:48:47,573 - TAQWIN_ENHANCED - WARNING - RESTART_NEEDED_ENHANCED: Health issues: Process not running or terminated
2025-07-27 02:48:48,603 - TAQWIN_ENHANCED - INFO - BACKOFF_WAIT: Waiting 4 seconds before restart (failures: 3)
2025-07-27 02:48:53,629 - TAQWIN_ENHANCED - INFO - GRACEFUL_SHUTDOWN: Process terminated gracefully
2025-07-27 02:48:58,821 - TAQWIN_ENHANCED - ERROR - OFFICE_RESTART_FAILED_ENHANCED: Failed restart #3, Consecutive failures: 4
2025-07-27 02:50:59,858 - TAQWIN_ENHANCED - WARNING - RESTART_NEEDED_ENHANCED: Health issues: Process not running or terminated
2025-07-27 02:51:00,917 - TAQWIN_ENHANCED - INFO - BACKOFF_WAIT: Waiting 8 seconds before restart (failures: 4)
2025-07-27 02:51:09,944 - TAQWIN_ENHANCED - INFO - GRACEFUL_SHUTDOWN: Process terminated gracefully
2025-07-27 02:51:15,190 - TAQWIN_ENHANCED - ERROR - OFFICE_RESTART_FAILED_ENHANCED: Failed restart #4, Consecutive failures: 5
2025-07-27 02:52:47,237 - TAQWIN_ENHANCED - INFO - PERFORMANCE_ANALYTICS_GENERATED: Stability: 50, Trend: stable
2025-07-27 02:53:18,265 - TAQWIN_ENHANCED - WARNING - RESTART_NEEDED_ENHANCED: Health issues: Process not running or terminated
2025-07-27 02:53:19,294 - TAQWIN_ENHANCED - INFO - BACKOFF_WAIT: Waiting 16 seconds before restart (failures: 5)
2025-07-27 02:53:36,321 - TAQWIN_ENHANCED - INFO - GRACEFUL_SHUTDOWN: Process terminated gracefully
2025-07-27 02:53:41,505 - TAQWIN_ENHANCED - ERROR - OFFICE_RESTART_FAILED_ENHANCED: Failed restart #5, Consecutive failures: 6
2025-07-27 02:55:42,542 - TAQWIN_ENHANCED - WARNING - RESTART_NEEDED_ENHANCED: Health issues: Process not running or terminated
2025-07-27 02:55:43,568 - TAQWIN_ENHANCED - INFO - BACKOFF_WAIT: Waiting 32 seconds before restart (failures: 6)
2025-07-27 02:56:16,595 - TAQWIN_ENHANCED - INFO - GRACEFUL_SHUTDOWN: Process terminated gracefully
2025-07-27 02:56:21,796 - TAQWIN_ENHANCED - ERROR - OFFICE_RESTART_FAILED_ENHANCED: Failed restart #6, Consecutive failures: 7
2025-07-27 02:57:24,184 - TAQWIN_ENHANCED - INFO - GIT_OPERATIONS_COMPLETE: Processed 50 operations
2025-07-27 02:57:56,225 - TAQWIN_ENHANCED - INFO - PERFORMANCE_ANALYTICS_GENERATED: Stability: 30, Trend: degrading
2025-07-27 02:58:27,255 - TAQWIN_ENHANCED - WARNING - RESTART_NEEDED_ENHANCED: Health issues: Process not running or terminated
2025-07-27 02:58:28,281 - TAQWIN_ENHANCED - INFO - BACKOFF_WAIT: Waiting 60 seconds before restart (failures: 7)
2025-07-27 02:59:29,309 - TAQWIN_ENHANCED - INFO - GRACEFUL_SHUTDOWN: Process terminated gracefully
2025-07-27 02:59:31,169 - TAQWIN_ENHANCED - INFO - ZOMBIE_CLEANUP: Terminated orphaned process 6548
2025-07-27 02:59:35,550 - TAQWIN_ENHANCED - ERROR - OFFICE_RESTART_FAILED_ENHANCED: Failed restart #7, Consecutive failures: 8
2025-07-27 03:01:36,602 - TAQWIN_ENHANCED - WARNING - RESTART_NEEDED_ENHANCED: Health issues: Process not running or terminated
2025-07-27 03:01:37,629 - TAQWIN_ENHANCED - INFO - BACKOFF_WAIT: Waiting 60 seconds before restart (failures: 8)
2025-07-27 03:02:38,658 - TAQWIN_ENHANCED - INFO - GRACEFUL_SHUTDOWN: Process terminated gracefully
2025-07-27 03:02:43,993 - TAQWIN_ENHANCED - ERROR - OFFICE_RESTART_FAILED_ENHANCED: Failed restart #8, Consecutive failures: 9
2025-07-27 03:03:01,037 - TAQWIN_ENHANCED - INFO - PERFORMANCE_ANALYTICS_GENERATED: Stability: 10, Trend: degrading
2025-07-27 03:04:47,072 - TAQWIN_ENHANCED - WARNING - RESTART_NEEDED_ENHANCED: Health issues: Process not running or terminated
2025-07-27 03:04:48,101 - TAQWIN_ENHANCED - INFO - BACKOFF_WAIT: Waiting 60 seconds before restart (failures: 9)
2025-07-27 03:05:49,131 - TAQWIN_ENHANCED - INFO - GRACEFUL_SHUTDOWN: Process terminated gracefully
2025-07-27 03:05:54,450 - TAQWIN_ENHANCED - ERROR - OFFICE_RESTART_FAILED_ENHANCED: Failed restart #9, Consecutive failures: 10
2025-07-27 03:07:55,483 - TAQWIN_ENHANCED - WARNING - RESTART_NEEDED_ENHANCED: Health issues: Process not running or terminated
2025-07-27 03:07:56,516 - TAQWIN_ENHANCED - INFO - BACKOFF_WAIT: Waiting 60 seconds before restart (failures: 10)
2025-07-27 03:08:57,544 - TAQWIN_ENHANCED - INFO - GRACEFUL_SHUTDOWN: Process terminated gracefully
2025-07-27 03:09:02,760 - TAQWIN_ENHANCED - ERROR - OFFICE_RESTART_FAILED_ENHANCED: Failed restart #10, Consecutive failures: 11
2025-07-27 03:09:19,804 - TAQWIN_ENHANCED - INFO - PERFORMANCE_ANALYTICS_GENERATED: Stability: 0, Trend: degrading
2025-07-27 03:11:05,879 - TAQWIN_ENHANCED - WARNING - RESTART_NEEDED_ENHANCED: Health issues: Process not running or terminated
2025-07-27 03:11:06,910 - TAQWIN_ENHANCED - INFO - BACKOFF_WAIT: Waiting 60 seconds before restart (failures: 11)
2025-07-27 03:12:07,942 - TAQWIN_ENHANCED - INFO - GRACEFUL_SHUTDOWN: Process terminated gracefully
2025-07-27 03:12:13,238 - TAQWIN_ENHANCED - ERROR - OFFICE_RESTART_FAILED_ENHANCED: Failed restart #11, Consecutive failures: 12
2025-07-27 03:12:29,485 - TAQWIN_ENHANCED - INFO - GIT_OPERATIONS_COMPLETE: Processed 53 operations
2025-07-27 03:14:15,515 - TAQWIN_ENHANCED - WARNING - RESTART_NEEDED_ENHANCED: Health issues: Process not running or terminated
2025-07-27 03:14:16,543 - TAQWIN_ENHANCED - INFO - BACKOFF_WAIT: Waiting 60 seconds before restart (failures: 12)
2025-07-27 03:15:17,571 - TAQWIN_ENHANCED - INFO - GRACEFUL_SHUTDOWN: Process terminated gracefully
2025-07-27 03:15:23,054 - TAQWIN_ENHANCED - ERROR - OFFICE_RESTART_FAILED_ENHANCED: Failed restart #12, Consecutive failures: 13
2025-07-27 03:15:40,099 - TAQWIN_ENHANCED - INFO - PERFORMANCE_ANALYTICS_GENERATED: Stability: 0, Trend: degrading
2025-07-27 03:17:26,131 - TAQWIN_ENHANCED - WARNING - RESTART_NEEDED_ENHANCED: Health issues: Process not running or terminated
2025-07-27 03:17:27,159 - TAQWIN_ENHANCED - INFO - BACKOFF_WAIT: Waiting 60 seconds before restart (failures: 13)
2025-07-27 03:18:28,190 - TAQWIN_ENHANCED - INFO - GRACEFUL_SHUTDOWN: Process terminated gracefully
2025-07-27 03:18:30,361 - TAQWIN_ENHANCED - INFO - ZOMBIE_CLEANUP: Terminated orphaned process 29720
2025-07-27 03:18:34,449 - TAQWIN_ENHANCED - ERROR - OFFICE_RESTART_FAILED_ENHANCED: Failed restart #13, Consecutive failures: 14
2025-07-27 03:20:35,496 - TAQWIN_ENHANCED - WARNING - RESTART_NEEDED_ENHANCED: Health issues: Process not running or terminated
2025-07-27 03:20:36,526 - TAQWIN_ENHANCED - INFO - BACKOFF_WAIT: Waiting 60 seconds before restart (failures: 14)
2025-07-27 03:21:37,553 - TAQWIN_ENHANCED - INFO - GRACEFUL_SHUTDOWN: Process terminated gracefully
2025-07-27 03:21:42,630 - TAQWIN_ENHANCED - ERROR - OFFICE_RESTART_FAILED_ENHANCED: Failed restart #14, Consecutive failures: 15
2025-07-27 03:21:59,674 - TAQWIN_ENHANCED - INFO - PERFORMANCE_ANALYTICS_GENERATED: Stability: 0, Trend: degrading
2025-07-27 03:23:45,703 - TAQWIN_ENHANCED - WARNING - RESTART_NEEDED_ENHANCED: Health issues: Process not running or terminated
2025-07-27 03:23:46,730 - TAQWIN_ENHANCED - INFO - BACKOFF_WAIT: Waiting 60 seconds before restart (failures: 15)
2025-07-27 03:24:47,761 - TAQWIN_ENHANCED - INFO - GRACEFUL_SHUTDOWN: Process terminated gracefully
2025-07-27 03:24:53,534 - TAQWIN_ENHANCED - ERROR - OFFICE_RESTART_FAILED_ENHANCED: Failed restart #15, Consecutive failures: 16
